2014-04-04 00:18:25 Debug: The user admin (ID: 1) edited user (ID: 1)
2014-04-28 21:04:32 Info: The user admin (ID: 1) registered user (ID: 3)
2014-04-28 21:04:49 Info: The user admin (ID: 1) deleted user (ID: )
2014-05-09 21:09:42 Notice: Notice (8): Undefined index:  id in [/home/autozany/public_html/hzm/app/Controller/ProductsController.php, line 23]
Trace:
ProductsController::info() - APP/Controller/ProductsController.php, line 23
ReflectionMethod::invokeArgs() - [internal], line ??
Controller::invokeAction() - CORE/Cake/Controller/Controller.php, line 490
Dispatcher::_invoke() - CORE/Cake/Routing/Dispatcher.php, line 187
Dispatcher::dispatch() - CORE/Cake/Routing/Dispatcher.php, line 162
[main] - APP/webroot/index.php, line 111

2014-05-09 21:09:42 Notice: Notice (8): Undefined index:  Product in [/home/autozany/public_html/hzm/app/View/Products/info.ctp, line 1]
Trace:
include - APP/View/Products/info.ctp, line 1
View::_evaluate() - CORE/Cake/View/View.php, line 931
View::_render() - CORE/Cake/View/View.php, line 893
View::render() - CORE/Cake/View/View.php, line 462
Controller::render() - CORE/Cake/Controller/Controller.php, line 952
Dispatcher::_invoke() - CORE/Cake/Routing/Dispatcher.php, line 194
Dispatcher::dispatch() - CORE/Cake/Routing/Dispatcher.php, line 162
[main] - APP/webroot/index.php, line 111

2014-05-16 14:53:39 Notice: Notice (8): Array to string conversion in [/home/autozany/public_html/hzm/lib/Cake/basics.php, line 220]
Trace:
strpos - [internal], line ??
pluginSplit - CORE/Cake/basics.php, line 220
View::pluginSplit() - CORE/Cake/View/View.php, line 1019
View::_getElementFileName() - CORE/Cake/View/View.php, line 1081
View::element() - CORE/Cake/View/View.php, line 406
SessionHelper::flash() - CORE/Cake/View/Helper/SessionHelper.php, line 147
include - APP/View/Brands/index.ctp, line 13
View::_evaluate() - CORE/Cake/View/View.php, line 931
View::_render() - CORE/Cake/View/View.php, line 893
View::render() - CORE/Cake/View/View.php, line 462
Controller::render() - CORE/Cake/Controller/Controller.php, line 952
Dispatcher::_invoke() - CORE/Cake/Routing/Dispatcher.php, line 194
Dispatcher::dispatch() - CORE/Cake/Routing/Dispatcher.php, line 162
[main] - APP/webroot/index.php, line 111

2014-05-16 14:53:39 Notice: Notice (8): Array to string conversion in [/home/autozany/public_html/hzm/lib/Cake/basics.php, line 220]
Trace:
strpos - [internal], line ??
pluginSplit - CORE/Cake/basics.php, line 220
View::element() - CORE/Cake/View/View.php, line 412
SessionHelper::flash() - CORE/Cake/View/Helper/SessionHelper.php, line 147
include - APP/View/Brands/index.ctp, line 13
View::_evaluate() - CORE/Cake/View/View.php, line 931
View::_render() - CORE/Cake/View/View.php, line 893
View::render() - CORE/Cake/View/View.php, line 462
Controller::render() - CORE/Cake/Controller/Controller.php, line 952
Dispatcher::_invoke() - CORE/Cake/Routing/Dispatcher.php, line 194
Dispatcher::dispatch() - CORE/Cake/Routing/Dispatcher.php, line 162
[main] - APP/webroot/index.php, line 111

2014-05-16 14:53:39 Notice: Notice (1024): Element Not Found: Elements/Array.ctp in [/home/autozany/public_html/hzm/lib/Cake/View/View.php, line 415]
Trace:
View::element() - CORE/Cake/View/View.php, line 415
SessionHelper::flash() - CORE/Cake/View/Helper/SessionHelper.php, line 147
include - APP/View/Brands/index.ctp, line 13
View::_evaluate() - CORE/Cake/View/View.php, line 931
View::_render() - CORE/Cake/View/View.php, line 893
View::render() - CORE/Cake/View/View.php, line 462
Controller::render() - CORE/Cake/Controller/Controller.php, line 952
Dispatcher::_invoke() - CORE/Cake/Routing/Dispatcher.php, line 194
Dispatcher::dispatch() - CORE/Cake/Routing/Dispatcher.php, line 162
[main] - APP/webroot/index.php, line 111

2014-05-16 15:44:29 Notice: Notice (8): Undefined index:  Product in [/home/autozany/public_html/hzm/app/View/Products/info.ctp, line 1]
Trace:
include - APP/View/Products/info.ctp, line 1
View::_evaluate() - CORE/Cake/View/View.php, line 931
View::_render() - CORE/Cake/View/View.php, line 893
View::render() - CORE/Cake/View/View.php, line 462
Controller::render() - CORE/Cake/Controller/Controller.php, line 952
Dispatcher::_invoke() - CORE/Cake/Routing/Dispatcher.php, line 194
Dispatcher::dispatch() - CORE/Cake/Routing/Dispatcher.php, line 162
[main] - APP/webroot/index.php, line 111

2014-05-16 16:34:06 Notice: Notice (8): Undefined index:  Product in [/home/autozany/public_html/hzm/app/View/Products/info.ctp, line 1]
Trace:
include - APP/View/Products/info.ctp, line 1
View::_evaluate() - CORE/Cake/View/View.php, line 931
View::_render() - CORE/Cake/View/View.php, line 893
View::render() - CORE/Cake/View/View.php, line 462
Controller::render() - CORE/Cake/Controller/Controller.php, line 952
Dispatcher::_invoke() - CORE/Cake/Routing/Dispatcher.php, line 194
Dispatcher::dispatch() - CORE/Cake/Routing/Dispatcher.php, line 162
[main] - APP/webroot/index.php, line 111

2014-05-22 17:46:04 Notice: Notice (8): Undefined index:  Product in [/home/autozany/public_html/hzm/app/View/Products/info.ctp, line 1]
Trace:
include - APP/View/Products/info.ctp, line 1
View::_evaluate() - CORE/Cake/View/View.php, line 931
View::_render() - CORE/Cake/View/View.php, line 893
View::render() - CORE/Cake/View/View.php, line 462
Controller::render() - CORE/Cake/Controller/Controller.php, line 952
Dispatcher::_invoke() - CORE/Cake/Routing/Dispatcher.php, line 194
Dispatcher::dispatch() - CORE/Cake/Routing/Dispatcher.php, line 162
[main] - APP/webroot/index.php, line 111

2014-05-22 17:54:33 Notice: Notice (8): Undefined index:  Product in [/home/autozany/public_html/hzm/app/View/Products/info.ctp, line 1]
Trace:
include - APP/View/Products/info.ctp, line 1
View::_evaluate() - CORE/Cake/View/View.php, line 931
View::_render() - CORE/Cake/View/View.php, line 893
View::render() - CORE/Cake/View/View.php, line 462
Controller::render() - CORE/Cake/Controller/Controller.php, line 952
Dispatcher::_invoke() - CORE/Cake/Routing/Dispatcher.php, line 194
Dispatcher::dispatch() - CORE/Cake/Routing/Dispatcher.php, line 162
[main] - APP/webroot/index.php, line 111

2014-05-22 17:54:44 Notice: Notice (8): Undefined index:  Product in [/home/autozany/public_html/hzm/app/View/Products/info.ctp, line 1]
Trace:
include - APP/View/Products/info.ctp, line 1
View::_evaluate() - CORE/Cake/View/View.php, line 931
View::_render() - CORE/Cake/View/View.php, line 893
View::render() - CORE/Cake/View/View.php, line 462
Controller::render() - CORE/Cake/Controller/Controller.php, line 952
Dispatcher::_invoke() - CORE/Cake/Routing/Dispatcher.php, line 194
Dispatcher::dispatch() - CORE/Cake/Routing/Dispatcher.php, line 162
[main] - APP/webroot/index.php, line 111

2014-06-03 10:50:03 Notice: Notice (8): Undefined index:  Product in [/home/autozany/public_html/hzm/app/View/Products/info.ctp, line 1]
Trace:
include - APP/View/Products/info.ctp, line 1
View::_evaluate() - CORE/Cake/View/View.php, line 931
View::_render() - CORE/Cake/View/View.php, line 893
View::render() - CORE/Cake/View/View.php, line 462
Controller::render() - CORE/Cake/Controller/Controller.php, line 952
Dispatcher::_invoke() - CORE/Cake/Routing/Dispatcher.php, line 194
Dispatcher::dispatch() - CORE/Cake/Routing/Dispatcher.php, line 162
[main] - APP/webroot/index.php, line 111

2014-06-03 10:51:37 Notice: Notice (8): Undefined index:  Product in [/home/autozany/public_html/hzm/app/View/Products/info.ctp, line 1]
Trace:
include - APP/View/Products/info.ctp, line 1
View::_evaluate() - CORE/Cake/View/View.php, line 931
View::_render() - CORE/Cake/View/View.php, line 893
View::render() - CORE/Cake/View/View.php, line 462
Controller::render() - CORE/Cake/Controller/Controller.php, line 952
Dispatcher::_invoke() - CORE/Cake/Routing/Dispatcher.php, line 194
Dispatcher::dispatch() - CORE/Cake/Routing/Dispatcher.php, line 162
[main] - APP/webroot/index.php, line 111

2014-06-03 10:51:40 Notice: Notice (8): Undefined index:  Product in [/home/autozany/public_html/hzm/app/View/Products/info.ctp, line 1]
Trace:
include - APP/View/Products/info.ctp, line 1
View::_evaluate() - CORE/Cake/View/View.php, line 931
View::_render() - CORE/Cake/View/View.php, line 893
View::render() - CORE/Cake/View/View.php, line 462
Controller::render() - CORE/Cake/Controller/Controller.php, line 952
Dispatcher::_invoke() - CORE/Cake/Routing/Dispatcher.php, line 194
Dispatcher::dispatch() - CORE/Cake/Routing/Dispatcher.php, line 162
[main] - APP/webroot/index.php, line 111

2014-06-03 12:29:17 Notice: Notice (8): Undefined index:  Product in [/home/autozany/public_html/hzm/app/View/Products/info.ctp, line 1]
Trace:
include - APP/View/Products/info.ctp, line 1
View::_evaluate() - CORE/Cake/View/View.php, line 931
View::_render() - CORE/Cake/View/View.php, line 893
View::render() - CORE/Cake/View/View.php, line 462
Controller::render() - CORE/Cake/Controller/Controller.php, line 952
Dispatcher::_invoke() - CORE/Cake/Routing/Dispatcher.php, line 194
Dispatcher::dispatch() - CORE/Cake/Routing/Dispatcher.php, line 162
[main] - APP/webroot/index.php, line 111

2014-06-03 12:29:25 Notice: Notice (8): Undefined index:  Product in [/home/autozany/public_html/hzm/app/View/Products/info.ctp, line 1]
Trace:
include - APP/View/Products/info.ctp, line 1
View::_evaluate() - CORE/Cake/View/View.php, line 931
View::_render() - CORE/Cake/View/View.php, line 893
View::render() - CORE/Cake/View/View.php, line 462
Controller::render() - CORE/Cake/Controller/Controller.php, line 952
Dispatcher::_invoke() - CORE/Cake/Routing/Dispatcher.php, line 194
Dispatcher::dispatch() - CORE/Cake/Routing/Dispatcher.php, line 162
[main] - APP/webroot/index.php, line 111

2014-06-03 17:52:01 Notice: Notice (8): Undefined index:  Product in [/home/autozany/public_html/hzm/app/View/Products/info.ctp, line 1]
Trace:
include - APP/View/Products/info.ctp, line 1
View::_evaluate() - CORE/Cake/View/View.php, line 931
View::_render() - CORE/Cake/View/View.php, line 893
View::render() - CORE/Cake/View/View.php, line 462
Controller::render() - CORE/Cake/Controller/Controller.php, line 952
Dispatcher::_invoke() - CORE/Cake/Routing/Dispatcher.php, line 194
Dispatcher::dispatch() - CORE/Cake/Routing/Dispatcher.php, line 162
[main] - APP/webroot/index.php, line 111

2014-06-11 10:16:56 Notice: Notice (8): Undefined index:  Product in [/home/autozany/public_html/hzm/app/View/Products/info.ctp, line 1]
Trace:
include - APP/View/Products/info.ctp, line 1
View::_evaluate() - CORE/Cake/View/View.php, line 931
View::_render() - CORE/Cake/View/View.php, line 893
View::render() - CORE/Cake/View/View.php, line 462
Controller::render() - CORE/Cake/Controller/Controller.php, line 952
Dispatcher::_invoke() - CORE/Cake/Routing/Dispatcher.php, line 194
Dispatcher::dispatch() - CORE/Cake/Routing/Dispatcher.php, line 162
[main] - APP/webroot/index.php, line 111

2014-06-11 11:22:21 Notice: Notice (8): Undefined index:  Product in [/home/autozany/public_html/hzm/app/View/Products/info.ctp, line 1]
Trace:
include - APP/View/Products/info.ctp, line 1
View::_evaluate() - CORE/Cake/View/View.php, line 931
View::_render() - CORE/Cake/View/View.php, line 893
View::render() - CORE/Cake/View/View.php, line 462
Controller::render() - CORE/Cake/Controller/Controller.php, line 952
Dispatcher::_invoke() - CORE/Cake/Routing/Dispatcher.php, line 194
Dispatcher::dispatch() - CORE/Cake/Routing/Dispatcher.php, line 162
[main] - APP/webroot/index.php, line 111

2014-06-20 14:26:31 Notice: Notice (8): Undefined index:  Product in [/home/autozany/public_html/hzm/app/View/Products/info.ctp, line 1]
Trace:
include - APP/View/Products/info.ctp, line 1
View::_evaluate() - CORE/Cake/View/View.php, line 931
View::_render() - CORE/Cake/View/View.php, line 893
View::render() - CORE/Cake/View/View.php, line 462
Controller::render() - CORE/Cake/Controller/Controller.php, line 952
Dispatcher::_invoke() - CORE/Cake/Routing/Dispatcher.php, line 194
Dispatcher::dispatch() - CORE/Cake/Routing/Dispatcher.php, line 162
[main] - APP/webroot/index.php, line 111

2014-07-04 00:34:04 Notice: Notice (8): Array to string conversion in [/home/autozany/public_html/hzm/lib/Cake/basics.php, line 220]
Trace:
strpos - [internal], line ??
pluginSplit - CORE/Cake/basics.php, line 220
View::pluginSplit() - CORE/Cake/View/View.php, line 1019
View::_getElementFileName() - CORE/Cake/View/View.php, line 1081
View::element() - CORE/Cake/View/View.php, line 406
SessionHelper::flash() - CORE/Cake/View/Helper/SessionHelper.php, line 147
include - APP/View/Methods/index.ctp, line 13
View::_evaluate() - CORE/Cake/View/View.php, line 931
View::_render() - CORE/Cake/View/View.php, line 893
View::render() - CORE/Cake/View/View.php, line 462
Controller::render() - CORE/Cake/Controller/Controller.php, line 952
Dispatcher::_invoke() - CORE/Cake/Routing/Dispatcher.php, line 194
Dispatcher::dispatch() - CORE/Cake/Routing/Dispatcher.php, line 162
[main] - APP/webroot/index.php, line 111

2014-07-04 00:34:05 Notice: Notice (8): Array to string conversion in [/home/autozany/public_html/hzm/lib/Cake/basics.php, line 220]
Trace:
strpos - [internal], line ??
pluginSplit - CORE/Cake/basics.php, line 220
View::element() - CORE/Cake/View/View.php, line 412
SessionHelper::flash() - CORE/Cake/View/Helper/SessionHelper.php, line 147
include - APP/View/Methods/index.ctp, line 13
View::_evaluate() - CORE/Cake/View/View.php, line 931
View::_render() - CORE/Cake/View/View.php, line 893
View::render() - CORE/Cake/View/View.php, line 462
Controller::render() - CORE/Cake/Controller/Controller.php, line 952
Dispatcher::_invoke() - CORE/Cake/Routing/Dispatcher.php, line 194
Dispatcher::dispatch() - CORE/Cake/Routing/Dispatcher.php, line 162
[main] - APP/webroot/index.php, line 111

2014-07-04 00:34:05 Notice: Notice (1024): Element Not Found: Elements/Array.ctp in [/home/autozany/public_html/hzm/lib/Cake/View/View.php, line 415]
Trace:
View::element() - CORE/Cake/View/View.php, line 415
SessionHelper::flash() - CORE/Cake/View/Helper/SessionHelper.php, line 147
include - APP/View/Methods/index.ctp, line 13
View::_evaluate() - CORE/Cake/View/View.php, line 931
View::_render() - CORE/Cake/View/View.php, line 893
View::render() - CORE/Cake/View/View.php, line 462
Controller::render() - CORE/Cake/Controller/Controller.php, line 952
Dispatcher::_invoke() - CORE/Cake/Routing/Dispatcher.php, line 194
Dispatcher::dispatch() - CORE/Cake/Routing/Dispatcher.php, line 162
[main] - APP/webroot/index.php, line 111

2014-07-15 16:11:00 Notice: Notice (8): Array to string conversion in [/home/autozany/public_html/hzm/lib/Cake/basics.php, line 220]
Trace:
strpos - [internal], line ??
pluginSplit - CORE/Cake/basics.php, line 220
View::pluginSplit() - CORE/Cake/View/View.php, line 1019
View::_getElementFileName() - CORE/Cake/View/View.php, line 1081
View::element() - CORE/Cake/View/View.php, line 406
SessionHelper::flash() - CORE/Cake/View/Helper/SessionHelper.php, line 147
include - APP/View/Methods/index.ctp, line 13
View::_evaluate() - CORE/Cake/View/View.php, line 931
View::_render() - CORE/Cake/View/View.php, line 893
View::render() - CORE/Cake/View/View.php, line 462
Controller::render() - CORE/Cake/Controller/Controller.php, line 952
Dispatcher::_invoke() - CORE/Cake/Routing/Dispatcher.php, line 194
Dispatcher::dispatch() - CORE/Cake/Routing/Dispatcher.php, line 162
[main] - APP/webroot/index.php, line 111

2014-07-15 16:11:01 Notice: Notice (8): Array to string conversion in [/home/autozany/public_html/hzm/lib/Cake/basics.php, line 220]
Trace:
strpos - [internal], line ??
pluginSplit - CORE/Cake/basics.php, line 220
View::element() - CORE/Cake/View/View.php, line 412
SessionHelper::flash() - CORE/Cake/View/Helper/SessionHelper.php, line 147
include - APP/View/Methods/index.ctp, line 13
View::_evaluate() - CORE/Cake/View/View.php, line 931
View::_render() - CORE/Cake/View/View.php, line 893
View::render() - CORE/Cake/View/View.php, line 462
Controller::render() - CORE/Cake/Controller/Controller.php, line 952
Dispatcher::_invoke() - CORE/Cake/Routing/Dispatcher.php, line 194
Dispatcher::dispatch() - CORE/Cake/Routing/Dispatcher.php, line 162
[main] - APP/webroot/index.php, line 111

2014-07-15 16:11:01 Notice: Notice (1024): Element Not Found: Elements/Array.ctp in [/home/autozany/public_html/hzm/lib/Cake/View/View.php, line 415]
Trace:
View::element() - CORE/Cake/View/View.php, line 415
SessionHelper::flash() - CORE/Cake/View/Helper/SessionHelper.php, line 147
include - APP/View/Methods/index.ctp, line 13
View::_evaluate() - CORE/Cake/View/View.php, line 931
View::_render() - CORE/Cake/View/View.php, line 893
View::render() - CORE/Cake/View/View.php, line 462
Controller::render() - CORE/Cake/Controller/Controller.php, line 952
Dispatcher::_invoke() - CORE/Cake/Routing/Dispatcher.php, line 194
Dispatcher::dispatch() - CORE/Cake/Routing/Dispatcher.php, line 162
[main] - APP/webroot/index.php, line 111

2014-07-15 16:12:50 Notice: Notice (8): Array to string conversion in [/home/autozany/public_html/hzm/lib/Cake/basics.php, line 220]
Trace:
strpos - [internal], line ??
pluginSplit - CORE/Cake/basics.php, line 220
View::pluginSplit() - CORE/Cake/View/View.php, line 1019
View::_getElementFileName() - CORE/Cake/View/View.php, line 1081
View::element() - CORE/Cake/View/View.php, line 406
SessionHelper::flash() - CORE/Cake/View/Helper/SessionHelper.php, line 147
include - APP/View/Methods/index.ctp, line 13
View::_evaluate() - CORE/Cake/View/View.php, line 931
View::_render() - CORE/Cake/View/View.php, line 893
View::render() - CORE/Cake/View/View.php, line 462
Controller::render() - CORE/Cake/Controller/Controller.php, line 952
Dispatcher::_invoke() - CORE/Cake/Routing/Dispatcher.php, line 194
Dispatcher::dispatch() - CORE/Cake/Routing/Dispatcher.php, line 162
[main] - APP/webroot/index.php, line 111

2014-07-15 16:12:50 Notice: Notice (8): Array to string conversion in [/home/autozany/public_html/hzm/lib/Cake/basics.php, line 220]
Trace:
strpos - [internal], line ??
pluginSplit - CORE/Cake/basics.php, line 220
View::element() - CORE/Cake/View/View.php, line 412
SessionHelper::flash() - CORE/Cake/View/Helper/SessionHelper.php, line 147
include - APP/View/Methods/index.ctp, line 13
View::_evaluate() - CORE/Cake/View/View.php, line 931
View::_render() - CORE/Cake/View/View.php, line 893
View::render() - CORE/Cake/View/View.php, line 462
Controller::render() - CORE/Cake/Controller/Controller.php, line 952
Dispatcher::_invoke() - CORE/Cake/Routing/Dispatcher.php, line 194
Dispatcher::dispatch() - CORE/Cake/Routing/Dispatcher.php, line 162
[main] - APP/webroot/index.php, line 111

2014-07-15 16:12:50 Notice: Notice (1024): Element Not Found: Elements/Array.ctp in [/home/autozany/public_html/hzm/lib/Cake/View/View.php, line 415]
Trace:
View::element() - CORE/Cake/View/View.php, line 415
SessionHelper::flash() - CORE/Cake/View/Helper/SessionHelper.php, line 147
include - APP/View/Methods/index.ctp, line 13
View::_evaluate() - CORE/Cake/View/View.php, line 931
View::_render() - CORE/Cake/View/View.php, line 893
View::render() - CORE/Cake/View/View.php, line 462
Controller::render() - CORE/Cake/Controller/Controller.php, line 952
Dispatcher::_invoke() - CORE/Cake/Routing/Dispatcher.php, line 194
Dispatcher::dispatch() - CORE/Cake/Routing/Dispatcher.php, line 162
[main] - APP/webroot/index.php, line 111

2014-07-15 16:14:51 Notice: Notice (8): Array to string conversion in [/home/autozany/public_html/hzm/lib/Cake/basics.php, line 220]
Trace:
strpos - [internal], line ??
pluginSplit - CORE/Cake/basics.php, line 220
View::pluginSplit() - CORE/Cake/View/View.php, line 1019
View::_getElementFileName() - CORE/Cake/View/View.php, line 1081
View::element() - CORE/Cake/View/View.php, line 406
SessionHelper::flash() - CORE/Cake/View/Helper/SessionHelper.php, line 147
include - APP/View/Methods/index.ctp, line 13
View::_evaluate() - CORE/Cake/View/View.php, line 931
View::_render() - CORE/Cake/View/View.php, line 893
View::render() - CORE/Cake/View/View.php, line 462
Controller::render() - CORE/Cake/Controller/Controller.php, line 952
Dispatcher::_invoke() - CORE/Cake/Routing/Dispatcher.php, line 194
Dispatcher::dispatch() - CORE/Cake/Routing/Dispatcher.php, line 162
[main] - APP/webroot/index.php, line 111

2014-07-15 16:14:51 Notice: Notice (8): Array to string conversion in [/home/autozany/public_html/hzm/lib/Cake/basics.php, line 220]
Trace:
strpos - [internal], line ??
pluginSplit - CORE/Cake/basics.php, line 220
View::element() - CORE/Cake/View/View.php, line 412
SessionHelper::flash() - CORE/Cake/View/Helper/SessionHelper.php, line 147
include - APP/View/Methods/index.ctp, line 13
View::_evaluate() - CORE/Cake/View/View.php, line 931
View::_render() - CORE/Cake/View/View.php, line 893
View::render() - CORE/Cake/View/View.php, line 462
Controller::render() - CORE/Cake/Controller/Controller.php, line 952
Dispatcher::_invoke() - CORE/Cake/Routing/Dispatcher.php, line 194
Dispatcher::dispatch() - CORE/Cake/Routing/Dispatcher.php, line 162
[main] - APP/webroot/index.php, line 111

2014-07-15 16:14:51 Notice: Notice (1024): Element Not Found: Elements/Array.ctp in [/home/autozany/public_html/hzm/lib/Cake/View/View.php, line 415]
Trace:
View::element() - CORE/Cake/View/View.php, line 415
SessionHelper::flash() - CORE/Cake/View/Helper/SessionHelper.php, line 147
include - APP/View/Methods/index.ctp, line 13
View::_evaluate() - CORE/Cake/View/View.php, line 931
View::_render() - CORE/Cake/View/View.php, line 893
View::render() - CORE/Cake/View/View.php, line 462
Controller::render() - CORE/Cake/Controller/Controller.php, line 952
Dispatcher::_invoke() - CORE/Cake/Routing/Dispatcher.php, line 194
Dispatcher::dispatch() - CORE/Cake/Routing/Dispatcher.php, line 162
[main] - APP/webroot/index.php, line 111

2014-07-15 16:40:20 Info: The user Homero Zany (ID: 3) registered user (ID: 4)
2014-07-15 16:41:20 Info: The user Homero Zany (ID: 3) deleted user (ID: )
2014-07-15 18:31:55 Notice: Notice (8): Undefined index:  Product in [/home/autozany/public_html/hzm/app/View/Products/info.ctp, line 1]
Trace:
include - APP/View/Products/info.ctp, line 1
View::_evaluate() - CORE/Cake/View/View.php, line 931
View::_render() - CORE/Cake/View/View.php, line 893
View::render() - CORE/Cake/View/View.php, line 462
Controller::render() - CORE/Cake/Controller/Controller.php, line 952
Dispatcher::_invoke() - CORE/Cake/Routing/Dispatcher.php, line 194
Dispatcher::dispatch() - CORE/Cake/Routing/Dispatcher.php, line 162
[main] - APP/webroot/index.php, line 111

2014-07-15 19:38:16 Notice: Notice (8): Undefined index:  Product in [/home/autozany/public_html/hzm/app/View/Products/info.ctp, line 1]
Trace:
include - APP/View/Products/info.ctp, line 1
View::_evaluate() - CORE/Cake/View/View.php, line 931
View::_render() - CORE/Cake/View/View.php, line 893
View::render() - CORE/Cake/View/View.php, line 462
Controller::render() - CORE/Cake/Controller/Controller.php, line 952
Dispatcher::_invoke() - CORE/Cake/Routing/Dispatcher.php, line 194
Dispatcher::dispatch() - CORE/Cake/Routing/Dispatcher.php, line 162
[main] - APP/webroot/index.php, line 111

2014-07-15 19:42:37 Notice: Notice (8): Undefined index:  Product in [/home/autozany/public_html/hzm/app/View/Products/info.ctp, line 1]
Trace:
include - APP/View/Products/info.ctp, line 1
View::_evaluate() - CORE/Cake/View/View.php, line 931
View::_render() - CORE/Cake/View/View.php, line 893
View::render() - CORE/Cake/View/View.php, line 462
Controller::render() - CORE/Cake/Controller/Controller.php, line 952
Dispatcher::_invoke() - CORE/Cake/Routing/Dispatcher.php, line 194
Dispatcher::dispatch() - CORE/Cake/Routing/Dispatcher.php, line 162
[main] - APP/webroot/index.php, line 111

2014-07-15 20:08:54 Notice: Notice (8): Undefined index:  Product in [/home/autozany/public_html/hzm/app/View/Products/info.ctp, line 1]
Trace:
include - APP/View/Products/info.ctp, line 1
View::_evaluate() - CORE/Cake/View/View.php, line 931
View::_render() - CORE/Cake/View/View.php, line 893
View::render() - CORE/Cake/View/View.php, line 462
Controller::render() - CORE/Cake/Controller/Controller.php, line 952
Dispatcher::_invoke() - CORE/Cake/Routing/Dispatcher.php, line 194
Dispatcher::dispatch() - CORE/Cake/Routing/Dispatcher.php, line 162
[main] - APP/webroot/index.php, line 111

2014-07-15 20:25:25 Notice: Notice (8): Undefined index:  Product in [/home/autozany/public_html/hzm/app/View/Products/info.ctp, line 1]
Trace:
include - APP/View/Products/info.ctp, line 1
View::_evaluate() - CORE/Cake/View/View.php, line 931
View::_render() - CORE/Cake/View/View.php, line 893
View::render() - CORE/Cake/View/View.php, line 462
Controller::render() - CORE/Cake/Controller/Controller.php, line 952
Dispatcher::_invoke() - CORE/Cake/Routing/Dispatcher.php, line 194
Dispatcher::dispatch() - CORE/Cake/Routing/Dispatcher.php, line 162
[main] - APP/webroot/index.php, line 111

2014-07-17 19:07:26 Notice: Notice (8): Undefined index:  Product in [/home/autozany/public_html/hzm/app/View/Products/info.ctp, line 1]
Trace:
include - APP/View/Products/info.ctp, line 1
View::_evaluate() - CORE/Cake/View/View.php, line 931
View::_render() - CORE/Cake/View/View.php, line 893
View::render() - CORE/Cake/View/View.php, line 462
Controller::render() - CORE/Cake/Controller/Controller.php, line 952
Dispatcher::_invoke() - CORE/Cake/Routing/Dispatcher.php, line 194
Dispatcher::dispatch() - CORE/Cake/Routing/Dispatcher.php, line 162
[main] - APP/webroot/index.php, line 111

2014-07-17 19:08:00 Notice: Notice (8): Undefined index:  Product in [/home/autozany/public_html/hzm/app/View/Products/info.ctp, line 1]
Trace:
include - APP/View/Products/info.ctp, line 1
View::_evaluate() - CORE/Cake/View/View.php, line 931
View::_render() - CORE/Cake/View/View.php, line 893
View::render() - CORE/Cake/View/View.php, line 462
Controller::render() - CORE/Cake/Controller/Controller.php, line 952
Dispatcher::_invoke() - CORE/Cake/Routing/Dispatcher.php, line 194
Dispatcher::dispatch() - CORE/Cake/Routing/Dispatcher.php, line 162
[main] - APP/webroot/index.php, line 111

2014-07-26 19:28:04 Notice: Notice (8): Undefined index:  Product in [/home/autozany/public_html/hzm/app/View/Products/info.ctp, line 1]
Trace:
include - APP/View/Products/info.ctp, line 1
View::_evaluate() - CORE/Cake/View/View.php, line 931
View::_render() - CORE/Cake/View/View.php, line 893
View::render() - CORE/Cake/View/View.php, line 462
Controller::render() - CORE/Cake/Controller/Controller.php, line 952
Dispatcher::_invoke() - CORE/Cake/Routing/Dispatcher.php, line 194
Dispatcher::dispatch() - CORE/Cake/Routing/Dispatcher.php, line 162
[main] - APP/webroot/index.php, line 111

2014-07-26 20:11:18 Notice: Notice (8): Undefined index:  Product in [/home/autozany/public_html/hzm/app/View/Products/info.ctp, line 1]
Trace:
include - APP/View/Products/info.ctp, line 1
View::_evaluate() - CORE/Cake/View/View.php, line 931
View::_render() - CORE/Cake/View/View.php, line 893
View::render() - CORE/Cake/View/View.php, line 462
Controller::render() - CORE/Cake/Controller/Controller.php, line 952
Dispatcher::_invoke() - CORE/Cake/Routing/Dispatcher.php, line 194
Dispatcher::dispatch() - CORE/Cake/Routing/Dispatcher.php, line 162
[main] - APP/webroot/index.php, line 111

2014-07-30 20:04:45 Notice: Notice (8): Undefined index:  Product in [/home/autozany/public_html/hzm/app/View/Products/info.ctp, line 1]
Trace:
include - APP/View/Products/info.ctp, line 1
View::_evaluate() - CORE/Cake/View/View.php, line 931
View::_render() - CORE/Cake/View/View.php, line 893
View::render() - CORE/Cake/View/View.php, line 462
Controller::render() - CORE/Cake/Controller/Controller.php, line 952
Dispatcher::_invoke() - CORE/Cake/Routing/Dispatcher.php, line 194
Dispatcher::dispatch() - CORE/Cake/Routing/Dispatcher.php, line 162
[main] - APP/webroot/index.php, line 111

2014-07-30 20:05:12 Notice: Notice (8): Undefined index:  Product in [/home/autozany/public_html/hzm/app/View/Products/info.ctp, line 1]
Trace:
include - APP/View/Products/info.ctp, line 1
View::_evaluate() - CORE/Cake/View/View.php, line 931
View::_render() - CORE/Cake/View/View.php, line 893
View::render() - CORE/Cake/View/View.php, line 462
Controller::render() - CORE/Cake/Controller/Controller.php, line 952
Dispatcher::_invoke() - CORE/Cake/Routing/Dispatcher.php, line 194
Dispatcher::dispatch() - CORE/Cake/Routing/Dispatcher.php, line 162
[main] - APP/webroot/index.php, line 111

2014-07-30 20:08:07 Notice: Notice (8): Undefined index:  Product in [/home/autozany/public_html/hzm/app/View/Products/info.ctp, line 1]
Trace:
include - APP/View/Products/info.ctp, line 1
View::_evaluate() - CORE/Cake/View/View.php, line 931
View::_render() - CORE/Cake/View/View.php, line 893
View::render() - CORE/Cake/View/View.php, line 462
Controller::render() - CORE/Cake/Controller/Controller.php, line 952
Dispatcher::_invoke() - CORE/Cake/Routing/Dispatcher.php, line 194
Dispatcher::dispatch() - CORE/Cake/Routing/Dispatcher.php, line 162
[main] - APP/webroot/index.php, line 111

2014-07-30 20:09:57 Notice: Notice (8): Undefined index:  Product in [/home/autozany/public_html/hzm/app/View/Products/info.ctp, line 1]
Trace:
include - APP/View/Products/info.ctp, line 1
View::_evaluate() - CORE/Cake/View/View.php, line 931
View::_render() - CORE/Cake/View/View.php, line 893
View::render() - CORE/Cake/View/View.php, line 462
Controller::render() - CORE/Cake/Controller/Controller.php, line 952
Dispatcher::_invoke() - CORE/Cake/Routing/Dispatcher.php, line 194
Dispatcher::dispatch() - CORE/Cake/Routing/Dispatcher.php, line 162
[main] - APP/webroot/index.php, line 111

2014-07-30 20:10:14 Notice: Notice (8): Undefined index:  Product in [/home/autozany/public_html/hzm/app/View/Products/info.ctp, line 1]
Trace:
include - APP/View/Products/info.ctp, line 1
View::_evaluate() - CORE/Cake/View/View.php, line 931
View::_render() - CORE/Cake/View/View.php, line 893
View::render() - CORE/Cake/View/View.php, line 462
Controller::render() - CORE/Cake/Controller/Controller.php, line 952
Dispatcher::_invoke() - CORE/Cake/Routing/Dispatcher.php, line 194
Dispatcher::dispatch() - CORE/Cake/Routing/Dispatcher.php, line 162
[main] - APP/webroot/index.php, line 111

2014-07-30 20:11:30 Notice: Notice (8): Undefined index:  Product in [/home/autozany/public_html/hzm/app/View/Products/info.ctp, line 1]
Trace:
include - APP/View/Products/info.ctp, line 1
View::_evaluate() - CORE/Cake/View/View.php, line 931
View::_render() - CORE/Cake/View/View.php, line 893
View::render() - CORE/Cake/View/View.php, line 462
Controller::render() - CORE/Cake/Controller/Controller.php, line 952
Dispatcher::_invoke() - CORE/Cake/Routing/Dispatcher.php, line 194
Dispatcher::dispatch() - CORE/Cake/Routing/Dispatcher.php, line 162
[main] - APP/webroot/index.php, line 111

2014-08-01 19:31:41 Notice: Notice (8): Undefined index:  Product in [/home/autozany/public_html/hzm/app/View/Products/info.ctp, line 1]
Trace:
include - APP/View/Products/info.ctp, line 1
View::_evaluate() - CORE/Cake/View/View.php, line 931
View::_render() - CORE/Cake/View/View.php, line 893
View::render() - CORE/Cake/View/View.php, line 462
Controller::render() - CORE/Cake/Controller/Controller.php, line 952
Dispatcher::_invoke() - CORE/Cake/Routing/Dispatcher.php, line 194
Dispatcher::dispatch() - CORE/Cake/Routing/Dispatcher.php, line 162
[main] - APP/webroot/index.php, line 111

2014-08-01 22:21:07 Notice: Notice (8): Undefined index:  ReportDRE in [/home/autozany/public_html/hzm/app/View/Reports/dre.ctp, line 26]
Trace:
include - APP/View/Reports/dre.ctp, line 26
View::_evaluate() - CORE/Cake/View/View.php, line 931
View::_render() - CORE/Cake/View/View.php, line 893
View::render() - CORE/Cake/View/View.php, line 462
Controller::render() - CORE/Cake/Controller/Controller.php, line 952
Dispatcher::_invoke() - CORE/Cake/Routing/Dispatcher.php, line 194
Dispatcher::dispatch() - CORE/Cake/Routing/Dispatcher.php, line 162
[main] - APP/webroot/index.php, line 111

2014-08-01 22:21:07 Notice: Notice (8): Undefined index:  ReportDRE in [/home/autozany/public_html/hzm/app/View/Reports/dre.ctp, line 31]
Trace:
include - APP/View/Reports/dre.ctp, line 31
View::_evaluate() - CORE/Cake/View/View.php, line 931
View::_render() - CORE/Cake/View/View.php, line 893
View::render() - CORE/Cake/View/View.php, line 462
Controller::render() - CORE/Cake/Controller/Controller.php, line 952
Dispatcher::_invoke() - CORE/Cake/Routing/Dispatcher.php, line 194
Dispatcher::dispatch() - CORE/Cake/Routing/Dispatcher.php, line 162
[main] - APP/webroot/index.php, line 111

2014-08-01 22:21:07 Notice: Notice (8): Undefined index:  ReportDRE in [/home/autozany/public_html/hzm/app/View/Reports/dre.ctp, line 61]
Trace:
include - APP/View/Reports/dre.ctp, line 61
View::_evaluate() - CORE/Cake/View/View.php, line 931
View::_render() - CORE/Cake/View/View.php, line 893
View::render() - CORE/Cake/View/View.php, line 462
Controller::render() - CORE/Cake/Controller/Controller.php, line 952
Dispatcher::_invoke() - CORE/Cake/Routing/Dispatcher.php, line 194
Dispatcher::dispatch() - CORE/Cake/Routing/Dispatcher.php, line 162
[main] - APP/webroot/index.php, line 111

2014-08-01 22:21:16 Notice: Notice (8): Undefined index:  ReportDRE in [/home/autozany/public_html/hzm/app/View/Reports/dre.ctp, line 26]
Trace:
include - APP/View/Reports/dre.ctp, line 26
View::_evaluate() - CORE/Cake/View/View.php, line 931
View::_render() - CORE/Cake/View/View.php, line 893
View::render() - CORE/Cake/View/View.php, line 462
Controller::render() - CORE/Cake/Controller/Controller.php, line 952
Dispatcher::_invoke() - CORE/Cake/Routing/Dispatcher.php, line 194
Dispatcher::dispatch() - CORE/Cake/Routing/Dispatcher.php, line 162
[main] - APP/webroot/index.php, line 111

2014-08-01 22:21:16 Notice: Notice (8): Undefined index:  ReportDRE in [/home/autozany/public_html/hzm/app/View/Reports/dre.ctp, line 31]
Trace:
include - APP/View/Reports/dre.ctp, line 31
View::_evaluate() - CORE/Cake/View/View.php, line 931
View::_render() - CORE/Cake/View/View.php, line 893
View::render() - CORE/Cake/View/View.php, line 462
Controller::render() - CORE/Cake/Controller/Controller.php, line 952
Dispatcher::_invoke() - CORE/Cake/Routing/Dispatcher.php, line 194
Dispatcher::dispatch() - CORE/Cake/Routing/Dispatcher.php, line 162
[main] - APP/webroot/index.php, line 111

2014-08-01 22:21:16 Notice: Notice (8): Undefined index:  ReportDRE in [/home/autozany/public_html/hzm/app/View/Reports/dre.ctp, line 61]
Trace:
include - APP/View/Reports/dre.ctp, line 61
View::_evaluate() - CORE/Cake/View/View.php, line 931
View::_render() - CORE/Cake/View/View.php, line 893
View::render() - CORE/Cake/View/View.php, line 462
Controller::render() - CORE/Cake/Controller/Controller.php, line 952
Dispatcher::_invoke() - CORE/Cake/Routing/Dispatcher.php, line 194
Dispatcher::dispatch() - CORE/Cake/Routing/Dispatcher.php, line 162
[main] - APP/webroot/index.php, line 111

2014-08-01 22:25:05 Notice: Notice (8): Undefined index:  ReportDRE in [/home/autozany/public_html/hzm/app/View/Reports/dre.ctp, line 26]
Trace:
include - APP/View/Reports/dre.ctp, line 26
View::_evaluate() - CORE/Cake/View/View.php, line 931
View::_render() - CORE/Cake/View/View.php, line 893
View::render() - CORE/Cake/View/View.php, line 462
Controller::render() - CORE/Cake/Controller/Controller.php, line 952
Dispatcher::_invoke() - CORE/Cake/Routing/Dispatcher.php, line 194
Dispatcher::dispatch() - CORE/Cake/Routing/Dispatcher.php, line 162
[main] - APP/webroot/index.php, line 111

2014-08-01 22:25:05 Notice: Notice (8): Undefined index:  ReportDRE in [/home/autozany/public_html/hzm/app/View/Reports/dre.ctp, line 31]
Trace:
include - APP/View/Reports/dre.ctp, line 31
View::_evaluate() - CORE/Cake/View/View.php, line 931
View::_render() - CORE/Cake/View/View.php, line 893
View::render() - CORE/Cake/View/View.php, line 462
Controller::render() - CORE/Cake/Controller/Controller.php, line 952
Dispatcher::_invoke() - CORE/Cake/Routing/Dispatcher.php, line 194
Dispatcher::dispatch() - CORE/Cake/Routing/Dispatcher.php, line 162
[main] - APP/webroot/index.php, line 111

2014-08-01 22:25:05 Notice: Notice (8): Undefined index:  ReportDRE in [/home/autozany/public_html/hzm/app/View/Reports/dre.ctp, line 61]
Trace:
include - APP/View/Reports/dre.ctp, line 61
View::_evaluate() - CORE/Cake/View/View.php, line 931
View::_render() - CORE/Cake/View/View.php, line 893
View::render() - CORE/Cake/View/View.php, line 462
Controller::render() - CORE/Cake/Controller/Controller.php, line 952
Dispatcher::_invoke() - CORE/Cake/Routing/Dispatcher.php, line 194
Dispatcher::dispatch() - CORE/Cake/Routing/Dispatcher.php, line 162
[main] - APP/webroot/index.php, line 111

2014-08-01 22:25:17 Notice: Notice (8): Undefined index:  ReportDRE in [/home/autozany/public_html/hzm/app/View/Reports/dre.ctp, line 26]
Trace:
include - APP/View/Reports/dre.ctp, line 26
View::_evaluate() - CORE/Cake/View/View.php, line 931
View::_render() - CORE/Cake/View/View.php, line 893
View::render() - CORE/Cake/View/View.php, line 462
Controller::render() - CORE/Cake/Controller/Controller.php, line 952
Dispatcher::_invoke() - CORE/Cake/Routing/Dispatcher.php, line 194
Dispatcher::dispatch() - CORE/Cake/Routing/Dispatcher.php, line 162
[main] - APP/webroot/index.php, line 111

2014-08-01 22:25:17 Notice: Notice (8): Undefined index:  ReportDRE in [/home/autozany/public_html/hzm/app/View/Reports/dre.ctp, line 31]
Trace:
include - APP/View/Reports/dre.ctp, line 31
View::_evaluate() - CORE/Cake/View/View.php, line 931
View::_render() - CORE/Cake/View/View.php, line 893
View::render() - CORE/Cake/View/View.php, line 462
Controller::render() - CORE/Cake/Controller/Controller.php, line 952
Dispatcher::_invoke() - CORE/Cake/Routing/Dispatcher.php, line 194
Dispatcher::dispatch() - CORE/Cake/Routing/Dispatcher.php, line 162
[main] - APP/webroot/index.php, line 111

2014-08-01 22:25:17 Notice: Notice (8): Undefined index:  ReportDRE in [/home/autozany/public_html/hzm/app/View/Reports/dre.ctp, line 61]
Trace:
include - APP/View/Reports/dre.ctp, line 61
View::_evaluate() - CORE/Cake/View/View.php, line 931
View::_render() - CORE/Cake/View/View.php, line 893
View::render() - CORE/Cake/View/View.php, line 462
Controller::render() - CORE/Cake/Controller/Controller.php, line 952
Dispatcher::_invoke() - CORE/Cake/Routing/Dispatcher.php, line 194
Dispatcher::dispatch() - CORE/Cake/Routing/Dispatcher.php, line 162
[main] - APP/webroot/index.php, line 111

2014-08-01 22:27:31 Notice: Notice (8): Undefined index:  ReportDRE in [/home/autozany/public_html/hzm/app/View/Reports/dre.ctp, line 26]
Trace:
include - APP/View/Reports/dre.ctp, line 26
View::_evaluate() - CORE/Cake/View/View.php, line 931
View::_render() - CORE/Cake/View/View.php, line 893
View::render() - CORE/Cake/View/View.php, line 462
Controller::render() - CORE/Cake/Controller/Controller.php, line 952
Dispatcher::_invoke() - CORE/Cake/Routing/Dispatcher.php, line 194
Dispatcher::dispatch() - CORE/Cake/Routing/Dispatcher.php, line 162
[main] - APP/webroot/index.php, line 111

2014-08-01 22:27:31 Notice: Notice (8): Undefined index:  ReportDRE in [/home/autozany/public_html/hzm/app/View/Reports/dre.ctp, line 31]
Trace:
include - APP/View/Reports/dre.ctp, line 31
View::_evaluate() - CORE/Cake/View/View.php, line 931
View::_render() - CORE/Cake/View/View.php, line 893
View::render() - CORE/Cake/View/View.php, line 462
Controller::render() - CORE/Cake/Controller/Controller.php, line 952
Dispatcher::_invoke() - CORE/Cake/Routing/Dispatcher.php, line 194
Dispatcher::dispatch() - CORE/Cake/Routing/Dispatcher.php, line 162
[main] - APP/webroot/index.php, line 111

2014-08-01 22:27:31 Notice: Notice (8): Undefined index:  ReportDRE in [/home/autozany/public_html/hzm/app/View/Reports/dre.ctp, line 61]
Trace:
include - APP/View/Reports/dre.ctp, line 61
View::_evaluate() - CORE/Cake/View/View.php, line 931
View::_render() - CORE/Cake/View/View.php, line 893
View::render() - CORE/Cake/View/View.php, line 462
Controller::render() - CORE/Cake/Controller/Controller.php, line 952
Dispatcher::_invoke() - CORE/Cake/Routing/Dispatcher.php, line 194
Dispatcher::dispatch() - CORE/Cake/Routing/Dispatcher.php, line 162
[main] - APP/webroot/index.php, line 111

2014-08-01 22:27:36 Notice: Notice (8): Undefined index:  ReportDRE in [/home/autozany/public_html/hzm/app/View/Reports/dre.ctp, line 26]
Trace:
include - APP/View/Reports/dre.ctp, line 26
View::_evaluate() - CORE/Cake/View/View.php, line 931
View::_render() - CORE/Cake/View/View.php, line 893
View::render() - CORE/Cake/View/View.php, line 462
Controller::render() - CORE/Cake/Controller/Controller.php, line 952
Dispatcher::_invoke() - CORE/Cake/Routing/Dispatcher.php, line 194
Dispatcher::dispatch() - CORE/Cake/Routing/Dispatcher.php, line 162
[main] - APP/webroot/index.php, line 111

2014-08-01 22:27:36 Notice: Notice (8): Undefined index:  ReportDRE in [/home/autozany/public_html/hzm/app/View/Reports/dre.ctp, line 31]
Trace:
include - APP/View/Reports/dre.ctp, line 31
View::_evaluate() - CORE/Cake/View/View.php, line 931
View::_render() - CORE/Cake/View/View.php, line 893
View::render() - CORE/Cake/View/View.php, line 462
Controller::render() - CORE/Cake/Controller/Controller.php, line 952
Dispatcher::_invoke() - CORE/Cake/Routing/Dispatcher.php, line 194
Dispatcher::dispatch() - CORE/Cake/Routing/Dispatcher.php, line 162
[main] - APP/webroot/index.php, line 111

2014-08-01 22:27:36 Notice: Notice (8): Undefined index:  ReportDRE in [/home/autozany/public_html/hzm/app/View/Reports/dre.ctp, line 61]
Trace:
include - APP/View/Reports/dre.ctp, line 61
View::_evaluate() - CORE/Cake/View/View.php, line 931
View::_render() - CORE/Cake/View/View.php, line 893
View::render() - CORE/Cake/View/View.php, line 462
Controller::render() - CORE/Cake/Controller/Controller.php, line 952
Dispatcher::_invoke() - CORE/Cake/Routing/Dispatcher.php, line 194
Dispatcher::dispatch() - CORE/Cake/Routing/Dispatcher.php, line 162
[main] - APP/webroot/index.php, line 111

2014-08-06 13:32:23 Notice: Notice (8): Array to string conversion in [/home/autozany/public_html/hzm/lib/Cake/basics.php, line 220]
Trace:
strpos - [internal], line ??
pluginSplit - CORE/Cake/basics.php, line 220
View::pluginSplit() - CORE/Cake/View/View.php, line 1019
View::_getElementFileName() - CORE/Cake/View/View.php, line 1081
View::element() - CORE/Cake/View/View.php, line 406
SessionHelper::flash() - CORE/Cake/View/Helper/SessionHelper.php, line 147
include - APP/View/Methods/index.ctp, line 13
View::_evaluate() - CORE/Cake/View/View.php, line 931
View::_render() - CORE/Cake/View/View.php, line 893
View::render() - CORE/Cake/View/View.php, line 462
Controller::render() - CORE/Cake/Controller/Controller.php, line 952
Dispatcher::_invoke() - CORE/Cake/Routing/Dispatcher.php, line 194
Dispatcher::dispatch() - CORE/Cake/Routing/Dispatcher.php, line 162
[main] - APP/webroot/index.php, line 111

2014-08-06 13:32:23 Notice: Notice (8): Array to string conversion in [/home/autozany/public_html/hzm/lib/Cake/basics.php, line 220]
Trace:
strpos - [internal], line ??
pluginSplit - CORE/Cake/basics.php, line 220
View::element() - CORE/Cake/View/View.php, line 412
SessionHelper::flash() - CORE/Cake/View/Helper/SessionHelper.php, line 147
include - APP/View/Methods/index.ctp, line 13
View::_evaluate() - CORE/Cake/View/View.php, line 931
View::_render() - CORE/Cake/View/View.php, line 893
View::render() - CORE/Cake/View/View.php, line 462
Controller::render() - CORE/Cake/Controller/Controller.php, line 952
Dispatcher::_invoke() - CORE/Cake/Routing/Dispatcher.php, line 194
Dispatcher::dispatch() - CORE/Cake/Routing/Dispatcher.php, line 162
[main] - APP/webroot/index.php, line 111

2014-08-06 13:32:23 Notice: Notice (1024): Element Not Found: Elements/Array.ctp in [/home/autozany/public_html/hzm/lib/Cake/View/View.php, line 415]
Trace:
View::element() - CORE/Cake/View/View.php, line 415
SessionHelper::flash() - CORE/Cake/View/Helper/SessionHelper.php, line 147
include - APP/View/Methods/index.ctp, line 13
View::_evaluate() - CORE/Cake/View/View.php, line 931
View::_render() - CORE/Cake/View/View.php, line 893
View::render() - CORE/Cake/View/View.php, line 462
Controller::render() - CORE/Cake/Controller/Controller.php, line 952
Dispatcher::_invoke() - CORE/Cake/Routing/Dispatcher.php, line 194
Dispatcher::dispatch() - CORE/Cake/Routing/Dispatcher.php, line 162
[main] - APP/webroot/index.php, line 111

2014-08-06 13:33:15 Notice: Notice (8): Array to string conversion in [/home/autozany/public_html/hzm/lib/Cake/basics.php, line 220]
Trace:
strpos - [internal], line ??
pluginSplit - CORE/Cake/basics.php, line 220
View::pluginSplit() - CORE/Cake/View/View.php, line 1019
View::_getElementFileName() - CORE/Cake/View/View.php, line 1081
View::element() - CORE/Cake/View/View.php, line 406
SessionHelper::flash() - CORE/Cake/View/Helper/SessionHelper.php, line 147
include - APP/View/Methods/index.ctp, line 13
View::_evaluate() - CORE/Cake/View/View.php, line 931
View::_render() - CORE/Cake/View/View.php, line 893
View::render() - CORE/Cake/View/View.php, line 462
Controller::render() - CORE/Cake/Controller/Controller.php, line 952
Dispatcher::_invoke() - CORE/Cake/Routing/Dispatcher.php, line 194
Dispatcher::dispatch() - CORE/Cake/Routing/Dispatcher.php, line 162
[main] - APP/webroot/index.php, line 111

2014-08-06 13:33:15 Notice: Notice (8): Array to string conversion in [/home/autozany/public_html/hzm/lib/Cake/basics.php, line 220]
Trace:
strpos - [internal], line ??
pluginSplit - CORE/Cake/basics.php, line 220
View::element() - CORE/Cake/View/View.php, line 412
SessionHelper::flash() - CORE/Cake/View/Helper/SessionHelper.php, line 147
include - APP/View/Methods/index.ctp, line 13
View::_evaluate() - CORE/Cake/View/View.php, line 931
View::_render() - CORE/Cake/View/View.php, line 893
View::render() - CORE/Cake/View/View.php, line 462
Controller::render() - CORE/Cake/Controller/Controller.php, line 952
Dispatcher::_invoke() - CORE/Cake/Routing/Dispatcher.php, line 194
Dispatcher::dispatch() - CORE/Cake/Routing/Dispatcher.php, line 162
[main] - APP/webroot/index.php, line 111

2014-08-06 13:33:15 Notice: Notice (1024): Element Not Found: Elements/Array.ctp in [/home/autozany/public_html/hzm/lib/Cake/View/View.php, line 415]
Trace:
View::element() - CORE/Cake/View/View.php, line 415
SessionHelper::flash() - CORE/Cake/View/Helper/SessionHelper.php, line 147
include - APP/View/Methods/index.ctp, line 13
View::_evaluate() - CORE/Cake/View/View.php, line 931
View::_render() - CORE/Cake/View/View.php, line 893
View::render() - CORE/Cake/View/View.php, line 462
Controller::render() - CORE/Cake/Controller/Controller.php, line 952
Dispatcher::_invoke() - CORE/Cake/Routing/Dispatcher.php, line 194
Dispatcher::dispatch() - CORE/Cake/Routing/Dispatcher.php, line 162
[main] - APP/webroot/index.php, line 111

2014-08-07 12:32:58 Notice: Notice (8): Undefined index:  Product in [/home/autozany/public_html/hzm/app/View/Products/info.ctp, line 1]
Trace:
include - APP/View/Products/info.ctp, line 1
View::_evaluate() - CORE/Cake/View/View.php, line 931
View::_render() - CORE/Cake/View/View.php, line 893
View::render() - CORE/Cake/View/View.php, line 462
Controller::render() - CORE/Cake/Controller/Controller.php, line 952
Dispatcher::_invoke() - CORE/Cake/Routing/Dispatcher.php, line 194
Dispatcher::dispatch() - CORE/Cake/Routing/Dispatcher.php, line 162
[main] - APP/webroot/index.php, line 111

2014-08-07 12:33:58 Notice: Notice (8): Undefined index:  Product in [/home/autozany/public_html/hzm/app/View/Products/info.ctp, line 1]
Trace:
include - APP/View/Products/info.ctp, line 1
View::_evaluate() - CORE/Cake/View/View.php, line 931
View::_render() - CORE/Cake/View/View.php, line 893
View::render() - CORE/Cake/View/View.php, line 462
Controller::render() - CORE/Cake/Controller/Controller.php, line 952
Dispatcher::_invoke() - CORE/Cake/Routing/Dispatcher.php, line 194
Dispatcher::dispatch() - CORE/Cake/Routing/Dispatcher.php, line 162
[main] - APP/webroot/index.php, line 111

2014-08-28 19:26:24 Notice: Notice (8): Undefined index:  Product in [/home/autozany/public_html/hzm/app/View/Products/info.ctp, line 1]
Trace:
include - APP/View/Products/info.ctp, line 1
View::_evaluate() - CORE/Cake/View/View.php, line 931
View::_render() - CORE/Cake/View/View.php, line 893
View::render() - CORE/Cake/View/View.php, line 462
Controller::render() - CORE/Cake/Controller/Controller.php, line 952
Dispatcher::_invoke() - CORE/Cake/Routing/Dispatcher.php, line 194
Dispatcher::dispatch() - CORE/Cake/Routing/Dispatcher.php, line 162
[main] - APP/webroot/index.php, line 111

2014-09-01 16:14:46 Notice: Notice (8): Undefined index:  Product in [/home/autozany/public_html/hzm/app/View/Products/info.ctp, line 1]
Trace:
include - APP/View/Products/info.ctp, line 1
View::_evaluate() - CORE/Cake/View/View.php, line 931
View::_render() - CORE/Cake/View/View.php, line 893
View::render() - CORE/Cake/View/View.php, line 462
Controller::render() - CORE/Cake/Controller/Controller.php, line 952
Dispatcher::_invoke() - CORE/Cake/Routing/Dispatcher.php, line 194
Dispatcher::dispatch() - CORE/Cake/Routing/Dispatcher.php, line 162
[main] - APP/webroot/index.php, line 111

2014-09-01 16:41:50 Notice: Notice (8): Undefined index:  Product in [/home/autozany/public_html/hzm/app/View/Products/info.ctp, line 1]
Trace:
include - APP/View/Products/info.ctp, line 1
View::_evaluate() - CORE/Cake/View/View.php, line 931
View::_render() - CORE/Cake/View/View.php, line 893
View::render() - CORE/Cake/View/View.php, line 462
Controller::render() - CORE/Cake/Controller/Controller.php, line 952
Dispatcher::_invoke() - CORE/Cake/Routing/Dispatcher.php, line 194
Dispatcher::dispatch() - CORE/Cake/Routing/Dispatcher.php, line 162
[main] - APP/webroot/index.php, line 111

2014-09-01 18:44:44 Notice: Notice (8): Undefined index:  Product in [/home/autozany/public_html/hzm/app/View/Products/info.ctp, line 1]
Trace:
include - APP/View/Products/info.ctp, line 1
View::_evaluate() - CORE/Cake/View/View.php, line 931
View::_render() - CORE/Cake/View/View.php, line 893
View::render() - CORE/Cake/View/View.php, line 462
Controller::render() - CORE/Cake/Controller/Controller.php, line 952
Dispatcher::_invoke() - CORE/Cake/Routing/Dispatcher.php, line 194
Dispatcher::dispatch() - CORE/Cake/Routing/Dispatcher.php, line 162
[main] - APP/webroot/index.php, line 111

2014-09-01 18:45:04 Notice: Notice (8): Undefined index:  Product in [/home/autozany/public_html/hzm/app/View/Products/info.ctp, line 1]
Trace:
include - APP/View/Products/info.ctp, line 1
View::_evaluate() - CORE/Cake/View/View.php, line 931
View::_render() - CORE/Cake/View/View.php, line 893
View::render() - CORE/Cake/View/View.php, line 462
Controller::render() - CORE/Cake/Controller/Controller.php, line 952
Dispatcher::_invoke() - CORE/Cake/Routing/Dispatcher.php, line 194
Dispatcher::dispatch() - CORE/Cake/Routing/Dispatcher.php, line 162
[main] - APP/webroot/index.php, line 111

2014-09-01 18:45:54 Notice: Notice (8): Undefined index:  Product in [/home/autozany/public_html/hzm/app/View/Products/info.ctp, line 1]
Trace:
include - APP/View/Products/info.ctp, line 1
View::_evaluate() - CORE/Cake/View/View.php, line 931
View::_render() - CORE/Cake/View/View.php, line 893
View::render() - CORE/Cake/View/View.php, line 462
Controller::render() - CORE/Cake/Controller/Controller.php, line 952
Dispatcher::_invoke() - CORE/Cake/Routing/Dispatcher.php, line 194
Dispatcher::dispatch() - CORE/Cake/Routing/Dispatcher.php, line 162
[main] - APP/webroot/index.php, line 111

2014-09-01 21:51:55 Notice: Notice (8): Undefined index:  Product in [/home/autozany/public_html/hzm/app/View/Products/info.ctp, line 1]
Trace:
include - APP/View/Products/info.ctp, line 1
View::_evaluate() - CORE/Cake/View/View.php, line 931
View::_render() - CORE/Cake/View/View.php, line 893
View::render() - CORE/Cake/View/View.php, line 462
Controller::render() - CORE/Cake/Controller/Controller.php, line 952
Dispatcher::_invoke() - CORE/Cake/Routing/Dispatcher.php, line 194
Dispatcher::dispatch() - CORE/Cake/Routing/Dispatcher.php, line 162
[main] - APP/webroot/index.php, line 111

2014-09-01 23:27:57 Notice: Notice (8): Undefined index:  Product in [/home/autozany/public_html/hzm/app/View/Products/info.ctp, line 1]
Trace:
include - APP/View/Products/info.ctp, line 1
View::_evaluate() - CORE/Cake/View/View.php, line 931
View::_render() - CORE/Cake/View/View.php, line 893
View::render() - CORE/Cake/View/View.php, line 462
Controller::render() - CORE/Cake/Controller/Controller.php, line 952
Dispatcher::_invoke() - CORE/Cake/Routing/Dispatcher.php, line 194
Dispatcher::dispatch() - CORE/Cake/Routing/Dispatcher.php, line 162
[main] - APP/webroot/index.php, line 111

2014-09-01 23:28:42 Notice: Notice (8): Undefined index:  Product in [/home/autozany/public_html/hzm/app/View/Products/info.ctp, line 1]
Trace:
include - APP/View/Products/info.ctp, line 1
View::_evaluate() - CORE/Cake/View/View.php, line 931
View::_render() - CORE/Cake/View/View.php, line 893
View::render() - CORE/Cake/View/View.php, line 462
Controller::render() - CORE/Cake/Controller/Controller.php, line 952
Dispatcher::_invoke() - CORE/Cake/Routing/Dispatcher.php, line 194
Dispatcher::dispatch() - CORE/Cake/Routing/Dispatcher.php, line 162
[main] - APP/webroot/index.php, line 111

2014-09-01 23:30:36 Notice: Notice (8): Undefined index:  Product in [/home/autozany/public_html/hzm/app/View/Products/info.ctp, line 1]
Trace:
include - APP/View/Products/info.ctp, line 1
View::_evaluate() - CORE/Cake/View/View.php, line 931
View::_render() - CORE/Cake/View/View.php, line 893
View::render() - CORE/Cake/View/View.php, line 462
Controller::render() - CORE/Cake/Controller/Controller.php, line 952
Dispatcher::_invoke() - CORE/Cake/Routing/Dispatcher.php, line 194
Dispatcher::dispatch() - CORE/Cake/Routing/Dispatcher.php, line 162
[main] - APP/webroot/index.php, line 111

2014-09-09 13:11:24 Notice: Notice (8): Undefined index:  Product in [/home/autozany/public_html/hzm/app/View/Products/info.ctp, line 1]
Trace:
include - APP/View/Products/info.ctp, line 1
View::_evaluate() - CORE/Cake/View/View.php, line 931
View::_render() - CORE/Cake/View/View.php, line 893
View::render() - CORE/Cake/View/View.php, line 462
Controller::render() - CORE/Cake/Controller/Controller.php, line 952
Dispatcher::_invoke() - CORE/Cake/Routing/Dispatcher.php, line 194
Dispatcher::dispatch() - CORE/Cake/Routing/Dispatcher.php, line 162
[main] - APP/webroot/index.php, line 111

2014-09-09 13:11:44 Notice: Notice (8): Undefined index:  Product in [/home/autozany/public_html/hzm/app/View/Products/info.ctp, line 1]
Trace:
include - APP/View/Products/info.ctp, line 1
View::_evaluate() - CORE/Cake/View/View.php, line 931
View::_render() - CORE/Cake/View/View.php, line 893
View::render() - CORE/Cake/View/View.php, line 462
Controller::render() - CORE/Cake/Controller/Controller.php, line 952
Dispatcher::_invoke() - CORE/Cake/Routing/Dispatcher.php, line 194
Dispatcher::dispatch() - CORE/Cake/Routing/Dispatcher.php, line 162
[main] - APP/webroot/index.php, line 111

2014-09-09 13:20:53 Notice: Notice (8): Undefined index:  Product in [/home/autozany/public_html/hzm/app/View/Products/info.ctp, line 1]
Trace:
include - APP/View/Products/info.ctp, line 1
View::_evaluate() - CORE/Cake/View/View.php, line 931
View::_render() - CORE/Cake/View/View.php, line 893
View::render() - CORE/Cake/View/View.php, line 462
Controller::render() - CORE/Cake/Controller/Controller.php, line 952
Dispatcher::_invoke() - CORE/Cake/Routing/Dispatcher.php, line 194
Dispatcher::dispatch() - CORE/Cake/Routing/Dispatcher.php, line 162
[main] - APP/webroot/index.php, line 111

2014-09-09 13:24:15 Notice: Notice (8): Undefined index:  Product in [/home/autozany/public_html/hzm/app/View/Products/info.ctp, line 1]
Trace:
include - APP/View/Products/info.ctp, line 1
View::_evaluate() - CORE/Cake/View/View.php, line 931
View::_render() - CORE/Cake/View/View.php, line 893
View::render() - CORE/Cake/View/View.php, line 462
Controller::render() - CORE/Cake/Controller/Controller.php, line 952
Dispatcher::_invoke() - CORE/Cake/Routing/Dispatcher.php, line 194
Dispatcher::dispatch() - CORE/Cake/Routing/Dispatcher.php, line 162
[main] - APP/webroot/index.php, line 111

2014-09-09 16:53:39 Notice: Notice (8): Undefined index:  Product in [/home/autozany/public_html/hzm/app/View/Products/info.ctp, line 1]
Trace:
include - APP/View/Products/info.ctp, line 1
View::_evaluate() - CORE/Cake/View/View.php, line 931
View::_render() - CORE/Cake/View/View.php, line 893
View::render() - CORE/Cake/View/View.php, line 462
Controller::render() - CORE/Cake/Controller/Controller.php, line 952
Dispatcher::_invoke() - CORE/Cake/Routing/Dispatcher.php, line 194
Dispatcher::dispatch() - CORE/Cake/Routing/Dispatcher.php, line 162
[main] - APP/webroot/index.php, line 111

2014-09-09 19:16:48 Notice: Notice (8): Undefined index:  Product in [/home/autozany/public_html/hzm/app/View/Products/info.ctp, line 1]
Trace:
include - APP/View/Products/info.ctp, line 1
View::_evaluate() - CORE/Cake/View/View.php, line 931
View::_render() - CORE/Cake/View/View.php, line 893
View::render() - CORE/Cake/View/View.php, line 462
Controller::render() - CORE/Cake/Controller/Controller.php, line 952
Dispatcher::_invoke() - CORE/Cake/Routing/Dispatcher.php, line 194
Dispatcher::dispatch() - CORE/Cake/Routing/Dispatcher.php, line 162
[main] - APP/webroot/index.php, line 111

2014-09-11 14:37:34 Notice: Notice (8): Array to string conversion in [/home/autozany/public_html/hzm/lib/Cake/basics.php, line 220]
Trace:
strpos - [internal], line ??
pluginSplit - CORE/Cake/basics.php, line 220
View::pluginSplit() - CORE/Cake/View/View.php, line 1019
View::_getElementFileName() - CORE/Cake/View/View.php, line 1081
View::element() - CORE/Cake/View/View.php, line 406
SessionHelper::flash() - CORE/Cake/View/Helper/SessionHelper.php, line 147
include - APP/View/Brands/index.ctp, line 13
View::_evaluate() - CORE/Cake/View/View.php, line 931
View::_render() - CORE/Cake/View/View.php, line 893
View::render() - CORE/Cake/View/View.php, line 462
Controller::render() - CORE/Cake/Controller/Controller.php, line 952
Dispatcher::_invoke() - CORE/Cake/Routing/Dispatcher.php, line 194
Dispatcher::dispatch() - CORE/Cake/Routing/Dispatcher.php, line 162
[main] - APP/webroot/index.php, line 111

2014-09-11 14:37:34 Notice: Notice (8): Array to string conversion in [/home/autozany/public_html/hzm/lib/Cake/basics.php, line 220]
Trace:
strpos - [internal], line ??
pluginSplit - CORE/Cake/basics.php, line 220
View::element() - CORE/Cake/View/View.php, line 412
SessionHelper::flash() - CORE/Cake/View/Helper/SessionHelper.php, line 147
include - APP/View/Brands/index.ctp, line 13
View::_evaluate() - CORE/Cake/View/View.php, line 931
View::_render() - CORE/Cake/View/View.php, line 893
View::render() - CORE/Cake/View/View.php, line 462
Controller::render() - CORE/Cake/Controller/Controller.php, line 952
Dispatcher::_invoke() - CORE/Cake/Routing/Dispatcher.php, line 194
Dispatcher::dispatch() - CORE/Cake/Routing/Dispatcher.php, line 162
[main] - APP/webroot/index.php, line 111

2014-09-11 14:37:34 Notice: Notice (1024): Element Not Found: Elements/Array.ctp in [/home/autozany/public_html/hzm/lib/Cake/View/View.php, line 415]
Trace:
View::element() - CORE/Cake/View/View.php, line 415
SessionHelper::flash() - CORE/Cake/View/Helper/SessionHelper.php, line 147
include - APP/View/Brands/index.ctp, line 13
View::_evaluate() - CORE/Cake/View/View.php, line 931
View::_render() - CORE/Cake/View/View.php, line 893
View::render() - CORE/Cake/View/View.php, line 462
Controller::render() - CORE/Cake/Controller/Controller.php, line 952
Dispatcher::_invoke() - CORE/Cake/Routing/Dispatcher.php, line 194
Dispatcher::dispatch() - CORE/Cake/Routing/Dispatcher.php, line 162
[main] - APP/webroot/index.php, line 111

2014-09-11 15:02:18 Notice: Notice (8): Array to string conversion in [/home/autozany/public_html/hzm/lib/Cake/basics.php, line 220]
Trace:
strpos - [internal], line ??
pluginSplit - CORE/Cake/basics.php, line 220
View::pluginSplit() - CORE/Cake/View/View.php, line 1019
View::_getElementFileName() - CORE/Cake/View/View.php, line 1081
View::element() - CORE/Cake/View/View.php, line 406
SessionHelper::flash() - CORE/Cake/View/Helper/SessionHelper.php, line 147
include - APP/View/Methods/index.ctp, line 13
View::_evaluate() - CORE/Cake/View/View.php, line 931
View::_render() - CORE/Cake/View/View.php, line 893
View::render() - CORE/Cake/View/View.php, line 462
Controller::render() - CORE/Cake/Controller/Controller.php, line 952
Dispatcher::_invoke() - CORE/Cake/Routing/Dispatcher.php, line 194
Dispatcher::dispatch() - CORE/Cake/Routing/Dispatcher.php, line 162
[main] - APP/webroot/index.php, line 111

2014-09-11 15:02:18 Notice: Notice (8): Array to string conversion in [/home/autozany/public_html/hzm/lib/Cake/basics.php, line 220]
Trace:
strpos - [internal], line ??
pluginSplit - CORE/Cake/basics.php, line 220
View::element() - CORE/Cake/View/View.php, line 412
SessionHelper::flash() - CORE/Cake/View/Helper/SessionHelper.php, line 147
include - APP/View/Methods/index.ctp, line 13
View::_evaluate() - CORE/Cake/View/View.php, line 931
View::_render() - CORE/Cake/View/View.php, line 893
View::render() - CORE/Cake/View/View.php, line 462
Controller::render() - CORE/Cake/Controller/Controller.php, line 952
Dispatcher::_invoke() - CORE/Cake/Routing/Dispatcher.php, line 194
Dispatcher::dispatch() - CORE/Cake/Routing/Dispatcher.php, line 162
[main] - APP/webroot/index.php, line 111

2014-09-11 15:02:18 Notice: Notice (1024): Element Not Found: Elements/Array.ctp in [/home/autozany/public_html/hzm/lib/Cake/View/View.php, line 415]
Trace:
View::element() - CORE/Cake/View/View.php, line 415
SessionHelper::flash() - CORE/Cake/View/Helper/SessionHelper.php, line 147
include - APP/View/Methods/index.ctp, line 13
View::_evaluate() - CORE/Cake/View/View.php, line 931
View::_render() - CORE/Cake/View/View.php, line 893
View::render() - CORE/Cake/View/View.php, line 462
Controller::render() - CORE/Cake/Controller/Controller.php, line 952
Dispatcher::_invoke() - CORE/Cake/Routing/Dispatcher.php, line 194
Dispatcher::dispatch() - CORE/Cake/Routing/Dispatcher.php, line 162
[main] - APP/webroot/index.php, line 111

2014-09-11 15:02:46 Notice: Notice (8): Array to string conversion in [/home/autozany/public_html/hzm/lib/Cake/basics.php, line 220]
Trace:
strpos - [internal], line ??
pluginSplit - CORE/Cake/basics.php, line 220
View::pluginSplit() - CORE/Cake/View/View.php, line 1019
View::_getElementFileName() - CORE/Cake/View/View.php, line 1081
View::element() - CORE/Cake/View/View.php, line 406
SessionHelper::flash() - CORE/Cake/View/Helper/SessionHelper.php, line 147
include - APP/View/Methods/index.ctp, line 13
View::_evaluate() - CORE/Cake/View/View.php, line 931
View::_render() - CORE/Cake/View/View.php, line 893
View::render() - CORE/Cake/View/View.php, line 462
Controller::render() - CORE/Cake/Controller/Controller.php, line 952
Dispatcher::_invoke() - CORE/Cake/Routing/Dispatcher.php, line 194
Dispatcher::dispatch() - CORE/Cake/Routing/Dispatcher.php, line 162
[main] - APP/webroot/index.php, line 111

2014-09-11 15:02:46 Notice: Notice (8): Array to string conversion in [/home/autozany/public_html/hzm/lib/Cake/basics.php, line 220]
Trace:
strpos - [internal], line ??
pluginSplit - CORE/Cake/basics.php, line 220
View::element() - CORE/Cake/View/View.php, line 412
SessionHelper::flash() - CORE/Cake/View/Helper/SessionHelper.php, line 147
include - APP/View/Methods/index.ctp, line 13
View::_evaluate() - CORE/Cake/View/View.php, line 931
View::_render() - CORE/Cake/View/View.php, line 893
View::render() - CORE/Cake/View/View.php, line 462
Controller::render() - CORE/Cake/Controller/Controller.php, line 952
Dispatcher::_invoke() - CORE/Cake/Routing/Dispatcher.php, line 194
Dispatcher::dispatch() - CORE/Cake/Routing/Dispatcher.php, line 162
[main] - APP/webroot/index.php, line 111

2014-09-11 15:02:46 Notice: Notice (1024): Element Not Found: Elements/Array.ctp in [/home/autozany/public_html/hzm/lib/Cake/View/View.php, line 415]
Trace:
View::element() - CORE/Cake/View/View.php, line 415
SessionHelper::flash() - CORE/Cake/View/Helper/SessionHelper.php, line 147
include - APP/View/Methods/index.ctp, line 13
View::_evaluate() - CORE/Cake/View/View.php, line 931
View::_render() - CORE/Cake/View/View.php, line 893
View::render() - CORE/Cake/View/View.php, line 462
Controller::render() - CORE/Cake/Controller/Controller.php, line 952
Dispatcher::_invoke() - CORE/Cake/Routing/Dispatcher.php, line 194
Dispatcher::dispatch() - CORE/Cake/Routing/Dispatcher.php, line 162
[main] - APP/webroot/index.php, line 111

2014-09-11 15:04:17 Notice: Notice (8): Array to string conversion in [/home/autozany/public_html/hzm/lib/Cake/basics.php, line 220]
Trace:
strpos - [internal], line ??
pluginSplit - CORE/Cake/basics.php, line 220
View::pluginSplit() - CORE/Cake/View/View.php, line 1019
View::_getElementFileName() - CORE/Cake/View/View.php, line 1081
View::element() - CORE/Cake/View/View.php, line 406
SessionHelper::flash() - CORE/Cake/View/Helper/SessionHelper.php, line 147
include - APP/View/Methods/index.ctp, line 13
View::_evaluate() - CORE/Cake/View/View.php, line 931
View::_render() - CORE/Cake/View/View.php, line 893
View::render() - CORE/Cake/View/View.php, line 462
Controller::render() - CORE/Cake/Controller/Controller.php, line 952
Dispatcher::_invoke() - CORE/Cake/Routing/Dispatcher.php, line 194
Dispatcher::dispatch() - CORE/Cake/Routing/Dispatcher.php, line 162
[main] - APP/webroot/index.php, line 111

2014-09-11 15:04:17 Notice: Notice (8): Array to string conversion in [/home/autozany/public_html/hzm/lib/Cake/basics.php, line 220]
Trace:
strpos - [internal], line ??
pluginSplit - CORE/Cake/basics.php, line 220
View::element() - CORE/Cake/View/View.php, line 412
SessionHelper::flash() - CORE/Cake/View/Helper/SessionHelper.php, line 147
include - APP/View/Methods/index.ctp, line 13
View::_evaluate() - CORE/Cake/View/View.php, line 931
View::_render() - CORE/Cake/View/View.php, line 893
View::render() - CORE/Cake/View/View.php, line 462
Controller::render() - CORE/Cake/Controller/Controller.php, line 952
Dispatcher::_invoke() - CORE/Cake/Routing/Dispatcher.php, line 194
Dispatcher::dispatch() - CORE/Cake/Routing/Dispatcher.php, line 162
[main] - APP/webroot/index.php, line 111

2014-09-11 15:04:17 Notice: Notice (1024): Element Not Found: Elements/Array.ctp in [/home/autozany/public_html/hzm/lib/Cake/View/View.php, line 415]
Trace:
View::element() - CORE/Cake/View/View.php, line 415
SessionHelper::flash() - CORE/Cake/View/Helper/SessionHelper.php, line 147
include - APP/View/Methods/index.ctp, line 13
View::_evaluate() - CORE/Cake/View/View.php, line 931
View::_render() - CORE/Cake/View/View.php, line 893
View::render() - CORE/Cake/View/View.php, line 462
Controller::render() - CORE/Cake/Controller/Controller.php, line 952
Dispatcher::_invoke() - CORE/Cake/Routing/Dispatcher.php, line 194
Dispatcher::dispatch() - CORE/Cake/Routing/Dispatcher.php, line 162
[main] - APP/webroot/index.php, line 111

2014-09-11 15:04:54 Notice: Notice (8): Array to string conversion in [/home/autozany/public_html/hzm/lib/Cake/basics.php, line 220]
Trace:
strpos - [internal], line ??
pluginSplit - CORE/Cake/basics.php, line 220
View::pluginSplit() - CORE/Cake/View/View.php, line 1019
View::_getElementFileName() - CORE/Cake/View/View.php, line 1081
View::element() - CORE/Cake/View/View.php, line 406
SessionHelper::flash() - CORE/Cake/View/Helper/SessionHelper.php, line 147
include - APP/View/Methods/index.ctp, line 13
View::_evaluate() - CORE/Cake/View/View.php, line 931
View::_render() - CORE/Cake/View/View.php, line 893
View::render() - CORE/Cake/View/View.php, line 462
Controller::render() - CORE/Cake/Controller/Controller.php, line 952
Dispatcher::_invoke() - CORE/Cake/Routing/Dispatcher.php, line 194
Dispatcher::dispatch() - CORE/Cake/Routing/Dispatcher.php, line 162
[main] - APP/webroot/index.php, line 111

2014-09-11 15:04:54 Notice: Notice (8): Array to string conversion in [/home/autozany/public_html/hzm/lib/Cake/basics.php, line 220]
Trace:
strpos - [internal], line ??
pluginSplit - CORE/Cake/basics.php, line 220
View::element() - CORE/Cake/View/View.php, line 412
SessionHelper::flash() - CORE/Cake/View/Helper/SessionHelper.php, line 147
include - APP/View/Methods/index.ctp, line 13
View::_evaluate() - CORE/Cake/View/View.php, line 931
View::_render() - CORE/Cake/View/View.php, line 893
View::render() - CORE/Cake/View/View.php, line 462
Controller::render() - CORE/Cake/Controller/Controller.php, line 952
Dispatcher::_invoke() - CORE/Cake/Routing/Dispatcher.php, line 194
Dispatcher::dispatch() - CORE/Cake/Routing/Dispatcher.php, line 162
[main] - APP/webroot/index.php, line 111

2014-09-11 15:04:54 Notice: Notice (1024): Element Not Found: Elements/Array.ctp in [/home/autozany/public_html/hzm/lib/Cake/View/View.php, line 415]
Trace:
View::element() - CORE/Cake/View/View.php, line 415
SessionHelper::flash() - CORE/Cake/View/Helper/SessionHelper.php, line 147
include - APP/View/Methods/index.ctp, line 13
View::_evaluate() - CORE/Cake/View/View.php, line 931
View::_render() - CORE/Cake/View/View.php, line 893
View::render() - CORE/Cake/View/View.php, line 462
Controller::render() - CORE/Cake/Controller/Controller.php, line 952
Dispatcher::_invoke() - CORE/Cake/Routing/Dispatcher.php, line 194
Dispatcher::dispatch() - CORE/Cake/Routing/Dispatcher.php, line 162
[main] - APP/webroot/index.php, line 111

2014-09-15 13:09:22 Notice: Notice (8): Undefined index:  Product in [/home/autozany/public_html/hzm/app/View/Products/info.ctp, line 1]
Trace:
include - APP/View/Products/info.ctp, line 1
View::_evaluate() - CORE/Cake/View/View.php, line 931
View::_render() - CORE/Cake/View/View.php, line 893
View::render() - CORE/Cake/View/View.php, line 462
Controller::render() - CORE/Cake/Controller/Controller.php, line 952
Dispatcher::_invoke() - CORE/Cake/Routing/Dispatcher.php, line 194
Dispatcher::dispatch() - CORE/Cake/Routing/Dispatcher.php, line 162
[main] - APP/webroot/index.php, line 111

2014-09-15 13:09:36 Notice: Notice (8): Undefined index:  Product in [/home/autozany/public_html/hzm/app/View/Products/info.ctp, line 1]
Trace:
include - APP/View/Products/info.ctp, line 1
View::_evaluate() - CORE/Cake/View/View.php, line 931
View::_render() - CORE/Cake/View/View.php, line 893
View::render() - CORE/Cake/View/View.php, line 462
Controller::render() - CORE/Cake/Controller/Controller.php, line 952
Dispatcher::_invoke() - CORE/Cake/Routing/Dispatcher.php, line 194
Dispatcher::dispatch() - CORE/Cake/Routing/Dispatcher.php, line 162
[main] - APP/webroot/index.php, line 111

2014-09-15 15:24:55 Notice: Notice (8): Undefined index:  ReportDRE in [/home/autozany/public_html/hzm/app/View/Reports/dre.ctp, line 3]
Trace:
include - APP/View/Reports/dre.ctp, line 3
View::_evaluate() - CORE/Cake/View/View.php, line 931
View::_render() - CORE/Cake/View/View.php, line 893
View::render() - CORE/Cake/View/View.php, line 462
Controller::render() - CORE/Cake/Controller/Controller.php, line 952
Dispatcher::_invoke() - CORE/Cake/Routing/Dispatcher.php, line 194
Dispatcher::dispatch() - CORE/Cake/Routing/Dispatcher.php, line 162
[main] - APP/webroot/index.php, line 111

2014-09-15 15:24:55 Notice: Notice (8): Undefined index:  ReportDRE in [/home/autozany/public_html/hzm/app/View/Reports/dre.ctp, line 3]
Trace:
include - APP/View/Reports/dre.ctp, line 3
View::_evaluate() - CORE/Cake/View/View.php, line 931
View::_render() - CORE/Cake/View/View.php, line 893
View::render() - CORE/Cake/View/View.php, line 462
Controller::render() - CORE/Cake/Controller/Controller.php, line 952
Dispatcher::_invoke() - CORE/Cake/Routing/Dispatcher.php, line 194
Dispatcher::dispatch() - CORE/Cake/Routing/Dispatcher.php, line 162
[main] - APP/webroot/index.php, line 111

2014-09-15 15:24:55 Notice: Notice (8): Undefined index:  ReportDRE in [/home/autozany/public_html/hzm/app/View/Reports/dre.ctp, line 31]
Trace:
include - APP/View/Reports/dre.ctp, line 31
View::_evaluate() - CORE/Cake/View/View.php, line 931
View::_render() - CORE/Cake/View/View.php, line 893
View::render() - CORE/Cake/View/View.php, line 462
Controller::render() - CORE/Cake/Controller/Controller.php, line 952
Dispatcher::_invoke() - CORE/Cake/Routing/Dispatcher.php, line 194
Dispatcher::dispatch() - CORE/Cake/Routing/Dispatcher.php, line 162
[main] - APP/webroot/index.php, line 111

2014-09-15 15:24:55 Notice: Notice (8): Undefined index:  ReportDRE in [/home/autozany/public_html/hzm/app/View/Reports/dre.ctp, line 36]
Trace:
include - APP/View/Reports/dre.ctp, line 36
View::_evaluate() - CORE/Cake/View/View.php, line 931
View::_render() - CORE/Cake/View/View.php, line 893
View::render() - CORE/Cake/View/View.php, line 462
Controller::render() - CORE/Cake/Controller/Controller.php, line 952
Dispatcher::_invoke() - CORE/Cake/Routing/Dispatcher.php, line 194
Dispatcher::dispatch() - CORE/Cake/Routing/Dispatcher.php, line 162
[main] - APP/webroot/index.php, line 111

2014-09-15 15:24:55 Notice: Notice (8): Undefined index:  ReportDRE in [/home/autozany/public_html/hzm/app/View/Reports/dre.ctp, line 46]
Trace:
include - APP/View/Reports/dre.ctp, line 46
View::_evaluate() - CORE/Cake/View/View.php, line 931
View::_render() - CORE/Cake/View/View.php, line 893
View::render() - CORE/Cake/View/View.php, line 462
Controller::render() - CORE/Cake/Controller/Controller.php, line 952
Dispatcher::_invoke() - CORE/Cake/Routing/Dispatcher.php, line 194
Dispatcher::dispatch() - CORE/Cake/Routing/Dispatcher.php, line 162
[main] - APP/webroot/index.php, line 111

2014-09-15 15:24:55 Notice: Notice (8): Undefined index:  ReportDRE in [/home/autozany/public_html/hzm/app/View/Reports/dre.ctp, line 51]
Trace:
include - APP/View/Reports/dre.ctp, line 51
View::_evaluate() - CORE/Cake/View/View.php, line 931
View::_render() - CORE/Cake/View/View.php, line 893
View::render() - CORE/Cake/View/View.php, line 462
Controller::render() - CORE/Cake/Controller/Controller.php, line 952
Dispatcher::_invoke() - CORE/Cake/Routing/Dispatcher.php, line 194
Dispatcher::dispatch() - CORE/Cake/Routing/Dispatcher.php, line 162
[main] - APP/webroot/index.php, line 111

2014-09-15 15:24:55 Notice: Notice (8): Undefined index:  ReportDRE in [/home/autozany/public_html/hzm/app/View/Reports/dre.ctp, line 56]
Trace:
include - APP/View/Reports/dre.ctp, line 56
View::_evaluate() - CORE/Cake/View/View.php, line 931
View::_render() - CORE/Cake/View/View.php, line 893
View::render() - CORE/Cake/View/View.php, line 462
Controller::render() - CORE/Cake/Controller/Controller.php, line 952
Dispatcher::_invoke() - CORE/Cake/Routing/Dispatcher.php, line 194
Dispatcher::dispatch() - CORE/Cake/Routing/Dispatcher.php, line 162
[main] - APP/webroot/index.php, line 111

2014-09-15 15:24:55 Notice: Notice (8): Undefined index:  ReportDRE in [/home/autozany/public_html/hzm/app/View/Reports/dre.ctp, line 61]
Trace:
include - APP/View/Reports/dre.ctp, line 61
View::_evaluate() - CORE/Cake/View/View.php, line 931
View::_render() - CORE/Cake/View/View.php, line 893
View::render() - CORE/Cake/View/View.php, line 462
Controller::render() - CORE/Cake/Controller/Controller.php, line 952
Dispatcher::_invoke() - CORE/Cake/Routing/Dispatcher.php, line 194
Dispatcher::dispatch() - CORE/Cake/Routing/Dispatcher.php, line 162
[main] - APP/webroot/index.php, line 111

2014-09-15 15:24:55 Notice: Notice (8): Undefined index:  ReportDRE in [/home/autozany/public_html/hzm/app/View/Reports/dre.ctp, line 66]
Trace:
include - APP/View/Reports/dre.ctp, line 66
View::_evaluate() - CORE/Cake/View/View.php, line 931
View::_render() - CORE/Cake/View/View.php, line 893
View::render() - CORE/Cake/View/View.php, line 462
Controller::render() - CORE/Cake/Controller/Controller.php, line 952
Dispatcher::_invoke() - CORE/Cake/Routing/Dispatcher.php, line 194
Dispatcher::dispatch() - CORE/Cake/Routing/Dispatcher.php, line 162
[main] - APP/webroot/index.php, line 111

2014-09-15 17:22:46 Notice: Notice (8): Undefined index:  Product in [/home/autozany/public_html/hzm/app/View/Products/info.ctp, line 1]
Trace:
include - APP/View/Products/info.ctp, line 1
View::_evaluate() - CORE/Cake/View/View.php, line 931
View::_render() - CORE/Cake/View/View.php, line 893
View::render() - CORE/Cake/View/View.php, line 462
Controller::render() - CORE/Cake/Controller/Controller.php, line 952
Dispatcher::_invoke() - CORE/Cake/Routing/Dispatcher.php, line 194
Dispatcher::dispatch() - CORE/Cake/Routing/Dispatcher.php, line 162
[main] - APP/webroot/index.php, line 111

2014-09-15 20:50:01 Notice: Notice (8): Undefined index:  Product in [/home/autozany/public_html/hzm/app/View/Products/info.ctp, line 1]
Trace:
include - APP/View/Products/info.ctp, line 1
View::_evaluate() - CORE/Cake/View/View.php, line 931
View::_render() - CORE/Cake/View/View.php, line 893
View::render() - CORE/Cake/View/View.php, line 462
Controller::render() - CORE/Cake/Controller/Controller.php, line 952
Dispatcher::_invoke() - CORE/Cake/Routing/Dispatcher.php, line 194
Dispatcher::dispatch() - CORE/Cake/Routing/Dispatcher.php, line 162
[main] - APP/webroot/index.php, line 111

2014-09-16 16:21:20 Notice: Notice (8): Undefined index:  Product in [/home/autozany/public_html/hzm/app/View/Products/info.ctp, line 1]
Trace:
include - APP/View/Products/info.ctp, line 1
View::_evaluate() - CORE/Cake/View/View.php, line 931
View::_render() - CORE/Cake/View/View.php, line 893
View::render() - CORE/Cake/View/View.php, line 462
Controller::render() - CORE/Cake/Controller/Controller.php, line 952
Dispatcher::_invoke() - CORE/Cake/Routing/Dispatcher.php, line 194
Dispatcher::dispatch() - CORE/Cake/Routing/Dispatcher.php, line 162
[main] - APP/webroot/index.php, line 111

2014-09-17 13:00:13 Notice: Notice (8): Undefined index:  Product in [/home/autozany/public_html/hzm/app/View/Products/info.ctp, line 1]
Trace:
include - APP/View/Products/info.ctp, line 1
View::_evaluate() - CORE/Cake/View/View.php, line 931
View::_render() - CORE/Cake/View/View.php, line 893
View::render() - CORE/Cake/View/View.php, line 462
Controller::render() - CORE/Cake/Controller/Controller.php, line 952
Dispatcher::_invoke() - CORE/Cake/Routing/Dispatcher.php, line 194
Dispatcher::dispatch() - CORE/Cake/Routing/Dispatcher.php, line 162
[main] - APP/webroot/index.php, line 111

2014-09-20 12:33:38 Notice: Notice (8): Undefined index:  Product in [/home/autozany/public_html/hzm/app/View/Products/info.ctp, line 1]
Trace:
include - APP/View/Products/info.ctp, line 1
View::_evaluate() - CORE/Cake/View/View.php, line 931
View::_render() - CORE/Cake/View/View.php, line 893
View::render() - CORE/Cake/View/View.php, line 462
Controller::render() - CORE/Cake/Controller/Controller.php, line 952
Dispatcher::_invoke() - CORE/Cake/Routing/Dispatcher.php, line 194
Dispatcher::dispatch() - CORE/Cake/Routing/Dispatcher.php, line 162
[main] - APP/webroot/index.php, line 111

2014-09-22 19:41:31 Notice: Notice (8): Undefined index:  Product in [/home/autozany/public_html/hzm/app/View/Products/info.ctp, line 1]
Trace:
include - APP/View/Products/info.ctp, line 1
View::_evaluate() - CORE/Cake/View/View.php, line 931
View::_render() - CORE/Cake/View/View.php, line 893
View::render() - CORE/Cake/View/View.php, line 462
Controller::render() - CORE/Cake/Controller/Controller.php, line 952
Dispatcher::_invoke() - CORE/Cake/Routing/Dispatcher.php, line 194
Dispatcher::dispatch() - CORE/Cake/Routing/Dispatcher.php, line 162
[main] - APP/webroot/index.php, line 111

2014-09-25 16:56:11 Notice: Notice (8): Undefined index:  Product in [/home/autozany/public_html/hzm/app/View/Products/info.ctp, line 1]
Trace:
include - APP/View/Products/info.ctp, line 1
View::_evaluate() - CORE/Cake/View/View.php, line 931
View::_render() - CORE/Cake/View/View.php, line 893
View::render() - CORE/Cake/View/View.php, line 462
Controller::render() - CORE/Cake/Controller/Controller.php, line 952
Dispatcher::_invoke() - CORE/Cake/Routing/Dispatcher.php, line 194
Dispatcher::dispatch() - CORE/Cake/Routing/Dispatcher.php, line 162
[main] - APP/webroot/index.php, line 111

2014-09-26 20:43:46 Notice: Notice (8): Undefined variable: products in [/home/autozany/public_html/hzm/app/Controller/ProductsController.php, line 80]
Trace:
ProductsController::index() - APP/Controller/ProductsController.php, line 80
ReflectionMethod::invokeArgs() - [internal], line ??
Controller::invokeAction() - CORE/Cake/Controller/Controller.php, line 490
Dispatcher::_invoke() - CORE/Cake/Routing/Dispatcher.php, line 187
Dispatcher::dispatch() - CORE/Cake/Routing/Dispatcher.php, line 162
[main] - APP/webroot/index.php, line 111

2014-09-26 20:43:54 Notice: Notice (8): Undefined variable: products in [/home/autozany/public_html/hzm/app/Controller/ProductsController.php, line 80]
Trace:
ProductsController::index() - APP/Controller/ProductsController.php, line 80
ReflectionMethod::invokeArgs() - [internal], line ??
Controller::invokeAction() - CORE/Cake/Controller/Controller.php, line 490
Dispatcher::_invoke() - CORE/Cake/Routing/Dispatcher.php, line 187
Dispatcher::dispatch() - CORE/Cake/Routing/Dispatcher.php, line 162
[main] - APP/webroot/index.php, line 111

2014-09-27 21:01:26 Notice: Notice (8): Undefined index:  Product in [/home/autozany/public_html/hzm/app/View/Products/info.ctp, line 1]
Trace:
include - APP/View/Products/info.ctp, line 1
View::_evaluate() - CORE/Cake/View/View.php, line 931
View::_render() - CORE/Cake/View/View.php, line 893
View::render() - CORE/Cake/View/View.php, line 462
Controller::render() - CORE/Cake/Controller/Controller.php, line 952
Dispatcher::_invoke() - CORE/Cake/Routing/Dispatcher.php, line 194
Dispatcher::dispatch() - CORE/Cake/Routing/Dispatcher.php, line 162
[main] - APP/webroot/index.php, line 111

2014-09-27 21:03:38 Notice: Notice (8): Undefined index:  Product in [/home/autozany/public_html/hzm/app/View/Products/info.ctp, line 1]
Trace:
include - APP/View/Products/info.ctp, line 1
View::_evaluate() - CORE/Cake/View/View.php, line 931
View::_render() - CORE/Cake/View/View.php, line 893
View::render() - CORE/Cake/View/View.php, line 462
Controller::render() - CORE/Cake/Controller/Controller.php, line 952
Dispatcher::_invoke() - CORE/Cake/Routing/Dispatcher.php, line 194
Dispatcher::dispatch() - CORE/Cake/Routing/Dispatcher.php, line 162
[main] - APP/webroot/index.php, line 111

2014-10-04 02:22:55 Debug: Notice (8): Trying to get property of non-object in [C:\Users\ruacarva\xampp\htdocs\automanager\app\Controller\VehiclesController.php, line 63]
Trace:
VehiclesController::add() - APP\Controller\VehiclesController.php, line 63
ReflectionMethod::invokeArgs() - [internal], line ??
Controller::invokeAction() - CORE\Cake\Controller\Controller.php, line 490
Dispatcher::_invoke() - CORE\Cake\Routing\Dispatcher.php, line 187
Dispatcher::dispatch() - CORE\Cake\Routing\Dispatcher.php, line 162
[main] - APP\webroot\index.php, line 111

